  Building Custom Rule C:/projetos/MicroRTS/MicroRTS_cpp/CMakeLists.txt
  PhysicalGameState.cpp
  UnitTypeTable.cpp
C:\projetos\MicroRTS\MicroRTS_cpp\src\cpp\UnitTypeTable.cpp(238,32): warning C4267: '=': conversão de 'size_t' para 'int', possível perda de dados
  UnitType.cpp
  Player.cpp
  Unit.cpp
  ResourceUsage.cpp
  PlayerAction.cpp
  UnitAction.cpp
  UnitActionAssignment.cpp
  GameState.cpp
  AStarPathFinding.cpp
  Gerando Código...
C:\projetos\MicroRTS\MicroRTS_cpp\src\cpp\GameState.cpp(343): warning C4715: 'GameState::issueSafe': nem todos os caminhos de controle retornam um valor
C:\projetos\MicroRTS\MicroRTS_cpp\src\cpp\Unit.cpp(534): warning C4172: retornando o endereço da variável local ou temporário: u
C:\projetos\MicroRTS\MicroRTS_cpp\src\cpp\UnitTypeTable.cpp(261): warning C4715: 'UnitTypeTable::getUnitTypeString': nem todos os caminhos de controle retornam um valor
C:\projetos\MicroRTS\MicroRTS_cpp\src\cpp\PhysicalGameState.cpp(261): warning C4715: 'PhysicalGameState::getUnits': nem todos os caminhos de controle retornam um valor
C:\projetos\MicroRTS\MicroRTS_cpp\src\cpp\PhysicalGameState.cpp(303): warning C4715: 'PhysicalGameState::load': nem todos os caminhos de controle retornam um valor
  MicroRTScpp.vcxproj -> C:\projetos\MicroRTS\MicroRTS_cpp\Release\MicroRTScpp.lib
